Wed 12:11:PM - INFO - Odds change for Fatima Kline: −1100 -> −1200
Wed 12:11:PM - INFO - Odds change for Melissa Martinez: +700 -> +750
Wed 12:11:PM - INFO - Odds change for Kennedy Nzechukwu: −198 -> −218
Wed 12:11:PM - INFO - Odds change for Valter Walker: +164 -> +180
Wed 12:11:PM - INFO - Odds change for Jake Matthews: −105 -> +105
Wed 12:11:PM - INFO - Odds change for Chidi Njokuani: −115 -> −125
Wed 12:11:PM - INFO - Odds change for Max Griffin: +260 -> +250
Wed 12:11:PM - INFO - Odds change for Chris Curtis: −325 -> −310
Wed 12:11:PM - INFO - Odds change for Calvin Kattar: +124 -> +110
Wed 12:11:PM - INFO - Odds change for Steve Garcia: −148 -> −130
Wed 12:11:PM - INFO - Odds change for Derrick Lewis: +170 -> +210
Wed 12:11:PM - INFO - Odds change for Tallison Teixeira: −220 -> −280
Wed 01:42:PM - INFO - Odds change for Stephen Thompson: +330 -> +310
Wed 01:42:PM - INFO - Odds change for Gabriel Bonfim: −425 -> −395
Wed 01:54:PM - INFO - Odds change for Fatima Kline: -100 -> −1200
Wed 01:54:PM - INFO - Odds change for Melissa Martinez: 100 -> +750
Wed 01:54:PM - INFO - Odds change for Mitch Ramirez: -100 -> +650
Wed 01:54:PM - INFO - Odds change for Mike Davis: 100 -> −1000
Wed 01:54:PM - INFO - Odds change for Kennedy Nzechukwu: -100 -> −218
Wed 01:54:PM - INFO - Odds change for Valter Walker: 100 -> +180
Wed 01:54:PM - INFO - Odds change for Lauren Murphy: -100 -> +455
Wed 01:54:PM - INFO - Odds change for Eduarda Moura: 100 -> −625
Wed 01:54:PM - INFO - Odds change for Chidi Njokuani: 100 -> −125
Wed 01:54:PM - INFO - Odds change for Max Griffin: -100 -> +250
Wed 01:54:PM - INFO - Odds change for Chris Curtis: 100 -> −310
Wed 01:54:PM - INFO - Odds change for Junior Tafa: -100 -> −170
Wed 01:54:PM - INFO - Odds change for Tuco Tokkos: 100 -> +142
Wed 01:54:PM - INFO - Odds change for Vitor Petrino: -100 -> −700
Wed 01:54:PM - INFO - Odds change for Austen Lane: 100 -> +500
Wed 01:54:PM - INFO - Odds change for Nate Landwehr: -100 -> +210
Wed 01:54:PM - INFO - Odds change for Morgan Charriere: 100 -> −258
Wed 01:54:PM - INFO - Odds change for Calvin Kattar: -100 -> +110
Wed 01:54:PM - INFO - Odds change for Steve Garcia: 100 -> −130
Wed 01:54:PM - INFO - Odds change for Stephen Thompson: -100 -> +310
Wed 01:54:PM - INFO - Odds change for Gabriel Bonfim: 100 -> −395
Wed 01:54:PM - INFO - Odds change for Derrick Lewis: -100 -> +210
Wed 01:54:PM - INFO - Odds change for Tallison Teixeira: 100 -> −280
Wed 02:59:PM - INFO - Odds change for Fatima Kline: -100 -> −1200
Wed 02:59:PM - INFO - Odds change for Melissa Martinez: 100 -> +750
Wed 02:59:PM - INFO - Odds change for Mitch Ramirez: -100 -> +650
Wed 02:59:PM - INFO - Odds change for Mike Davis: 100 -> −1000
Wed 02:59:PM - INFO - Odds change for Kennedy Nzechukwu: -100 -> −218
Wed 02:59:PM - INFO - Odds change for Valter Walker: 100 -> +180
Wed 02:59:PM - INFO - Odds change for Lauren Murphy: -100 -> +455
Wed 02:59:PM - INFO - Odds change for Eduarda Moura: 100 -> −625
Wed 02:59:PM - INFO - Odds change for Chidi Njokuani: 100 -> −125
Wed 02:59:PM - INFO - Odds change for Max Griffin: -100 -> +250
Wed 02:59:PM - INFO - Odds change for Chris Curtis: 100 -> −310
Wed 02:59:PM - INFO - Odds change for Junior Tafa: -100 -> −170
Wed 02:59:PM - INFO - Odds change for Tuco Tokkos: 100 -> +142
Wed 02:59:PM - INFO - Odds change for Vitor Petrino: -100 -> −700
Wed 02:59:PM - INFO - Odds change for Austen Lane: 100 -> +500
Wed 02:59:PM - INFO - Odds change for Nate Landwehr: -100 -> +210
Wed 02:59:PM - INFO - Odds change for Morgan Charriere: 100 -> −258
Wed 02:59:PM - INFO - Odds change for Calvin Kattar: -100 -> +110
Wed 02:59:PM - INFO - Odds change for Steve Garcia: 100 -> −130
Wed 02:59:PM - INFO - Odds change for Stephen Thompson: -100 -> +310
Wed 02:59:PM - INFO - Odds change for Gabriel Bonfim: 100 -> −395
Wed 02:59:PM - INFO - Odds change for Derrick Lewis: -100 -> +210
Wed 02:59:PM - INFO - Odds change for Tallison Teixeira: 100 -> −280
Wed 03:39:PM - INFO - Odds change for Jake Matthews: -100 -> +105
Wed 03:43:PM - INFO - Odds change for Derrick Lewis: +211 -> +210
