Wed 04:36:PM - INFO - Odds change for Derrick Lewis: +310 -> +210
Wed 04:46:PM - INFO - Odds change for Fatima Kline: -100 -> −1200
Wed 04:46:PM - INFO - Odds change for Mitch Ramirez: -100 -> +650
Wed 04:46:PM - INFO - Odds change for Kennedy Nzechukwu: -100 -> −218
Wed 04:46:PM - INFO - Odds change for Lauren Murphy: -100 -> +455
Wed 04:46:PM - INFO - Odds change for Jake Matthews: -100 -> +105
Wed 04:46:PM - INFO - Odds change for Max Griffin: -100 -> +250
Wed 04:46:PM - INFO - Odds change for Junior Tafa: -100 -> −170
Wed 04:46:PM - INFO - Odds change for Vitor Petrino: -100 -> −700
Wed 04:46:PM - INFO - Odds change for Nate Landwehr: -100 -> +210
Wed 04:46:PM - INFO - Odds change for Calvin Kattar: -100 -> +110
Wed 04:46:PM - INFO - Odds change for Stephen Thompson: -100 -> +310
Wed 04:46:PM - INFO - Odds change for Derrick Lewis: -100 -> +210
Wed 04:46:PM - INFO - Odds change for Melissa Martinez: 100 -> +750
Wed 04:46:PM - INFO - Odds change for Mike Davis: 100 -> −1000
Wed 04:46:PM - INFO - Odds change for Valter Walker: 100 -> +180
Wed 04:46:PM - INFO - Odds change for Eduarda Moura: 100 -> −625
Wed 04:46:PM - INFO - Odds change for Chidi Njokuani: 100 -> −125
Wed 04:46:PM - INFO - Odds change for Chris Curtis: 100 -> −310
Wed 04:46:PM - INFO - Odds change for Tuco Tokkos: 100 -> +142
Wed 04:46:PM - INFO - Odds change for Austen Lane: 100 -> +500
Wed 04:46:PM - INFO - Odds change for Morgan Charriere: 100 -> −258
Wed 04:46:PM - INFO - Odds change for Steve Garcia: 100 -> −130
Wed 04:46:PM - INFO - Odds change for Gabriel Bonfim: 100 -> −395
Wed 04:46:PM - INFO - Odds change for Tallison Teixeira: 100 -> −280
Wed 06:19:PM - INFO - Odds change for Nate Landwehr: +210 -> +215
Wed 06:19:PM - INFO - Odds change for Calvin Kattar: +110 -> +105
Wed 06:19:PM - INFO - Odds change for Morgan Charriere: −258 -> −265
Wed 06:19:PM - INFO - Odds change for Steve Garcia: −130 -> −125
Wed 08:18:PM - INFO - Odds change for Jake Matthews: +105 -> +120
Wed 08:18:PM - INFO - Odds change for Derrick Lewis: +210 -> +200
Wed 08:18:PM - INFO - Odds change for Chidi Njokuani: −125 -> −142
Wed 08:18:PM - INFO - Odds change for Tallison Teixeira: −280 -> −270
Jul-03-2025 10:45:AM - INFO - Odds change for Fatima Kline: −1200 -> −1350
Jul-03-2025 10:45:AM - INFO - Odds change for Nate Landwehr: +215 -> +210
Jul-03-2025 10:45:AM - INFO - Odds change for Calvin Kattar: +105 -> +102
Jul-03-2025 10:45:AM - INFO - Odds change for Stephen Thompson: +310 -> +285
Jul-03-2025 10:45:AM - INFO - Odds change for Derrick Lewis: +200 -> +210
Jul-03-2025 10:45:AM - INFO - Odds change for Melissa Martinez: +750 -> +800
Jul-03-2025 10:45:AM - INFO - Odds change for Morgan Charriere: −265 -> −258
Jul-03-2025 10:45:AM - INFO - Odds change for Steve Garcia: −125 -> −122
Jul-03-2025 10:45:AM - INFO - Odds change for Gabriel Bonfim: −395 -> −360
Jul-03-2025 10:45:AM - INFO - Odds change for Tallison Teixeira: −270 -> −280
Jul-03-2025 07:25:PM - INFO - Odds change for Calvin Kattar: +102 -> −102
Jul-03-2025 07:25:PM - INFO - Odds change for Steve Garcia: −122 -> −118
Jul-04-2025 06:07:AM - INFO - Odds change for Jake Matthews: +120 -> +124
Jul-04-2025 06:07:AM - INFO - Odds change for Junior Tafa: −170 -> −166
Jul-04-2025 06:07:AM - INFO - Odds change for Calvin Kattar: −102 -> −105
Jul-04-2025 06:07:AM - INFO - Odds change for Chidi Njokuani: −142 -> −148
Jul-04-2025 06:07:AM - INFO - Odds change for Tuco Tokkos: +142 -> +140
Jul-04-2025 06:07:AM - INFO - Odds change for Steve Garcia: −118 -> −115
Jul-04-2025 01:30:PM - INFO - Odds change for Jake Matthews: +124 -> +114
Jul-04-2025 01:30:PM - INFO - Odds change for Chidi Njokuani: −148 -> −135
